


ARM Macro Assembler    Page 1 


    1 00000000                 thumb
    2 00000000                 AREA             code_m2k, code, READONLY
    3 00000000                 export           m2k
    4 00000000                 extern           TabCos
    5 00000000                 extern           TabSin
    6 00000000         
    7 00000000         m2k     proc
    8 00000000 F84D CD04       push             {r12}
    9 00000004         
   10 00000004         ; dft partie reelle + im
   11 00000004 4A0F            ldr              r2, =TabCos
   12 00000006 F8DF B040       ldr              r11, =TabSin
   13 0000000A         
   14 0000000A F04F 0300       mov              r3, #0
   15 0000000E         ; r4 = ik2pi/N
   16 0000000E         ; r3 = i
   17 0000000E FB00 F403 
                       db      mul              r4, r0, r3
   18 00000012 F004 043F       and              r4, r4, #0x003f
   19 00000016         ; r5 = cos[ik2pi/n]
   20 00000016         ; r6 = signal[i]
   21 00000016         ; r10 = sin[ik2pi/n]
   22 00000016 F932 5014       ldrsh            r5, [r2, r4, lsl #1]
   23 0000001A F93B A014       ldrsh            r10,[r11, r4, lsl #1]
   24 0000001E F931 6013       ldrsh            r6, [r1, r3, lsl #1]
   25 00000022         ; r7 += r5 * r6
   26 00000022         ; r12 += r10 * r6
   27 00000022 FB05 7706       mla              r7, r5, r6, r7
   28 00000026 FB0A CC06       mla              r12, r10, r6, r12
   29 0000002A         ; incremente r3
   30 0000002A F103 0301       add              r3, #1
   31 0000002E 2B40            cmp              r3, #64
   32 00000030 DBED            blt              db
   33 00000032         
   34 00000032 FBC7 8907       smlal            r8, r9, r7, r7
   35 00000036 FBCC 890C       smlal            r8, r9, r12, r12
   36 0000003A         
   37 0000003A 4648            mov              r0, r9
   38 0000003C         
   39 0000003C F85D CB04       pop              {r12}
   40 00000040         
   41 00000040 4770            bx               lr
   42 00000042         
   43 00000042                 endp
   44 00000042                 end
              00 00 00000000 
              00000000 
Command Line: --debug --xref --diag_suppress=9931 --cpu=Cortex-M3 --apcs=interw
ork --depend=.\obj\m2k.d -o.\obj\m2k.o -I.\RTE\_Simu -IC:\Users\Mathieu\AppData
\Local\Arm\Packs\ARM\CMSIS\5.6.0\CMSIS\Core\Include -IC:\Users\Mathieu\AppData\
Local\Arm\Packs\Keil\STM32F1xx_DFP\2.3.0\Device\Include --predefine="__EVAL SET
A 1" --predefine="__MICROLIB SETA 1" --predefine="__UVISION_VERSION SETA 529" -
-predefine="_RTE_ SETA 1" --predefine="STM32F10X_MD SETA 1" --list=m2k.lst m2k.
s



ARM Macro Assembler    Page 1 Alphabetic symbol ordering
Relocatable symbols

code_m2k 00000000

Symbol: code_m2k
   Definitions
      At line 2 in file m2k.s
   Uses
      None
Comment: code_m2k unused
db 0000000E

Symbol: db
   Definitions
      At line 17 in file m2k.s
   Uses
      At line 32 in file m2k.s
Comment: db used once
m2k 00000000

Symbol: m2k
   Definitions
      At line 7 in file m2k.s
   Uses
      At line 3 in file m2k.s
Comment: m2k used once
3 symbols



ARM Macro Assembler    Page 1 Alphabetic symbol ordering
External symbols

TabCos 00000000

Symbol: TabCos
   Definitions
      At line 4 in file m2k.s
   Uses
      At line 11 in file m2k.s
Comment: TabCos used once
TabSin 00000000

Symbol: TabSin
   Definitions
      At line 5 in file m2k.s
   Uses
      At line 12 in file m2k.s
Comment: TabSin used once
2 symbols
342 symbols in table
