


ARM Macro Assembler    Page 1 


    1 00000000                 thumb
    2 00000000                 area             moncode, code, readonly
    3 00000000                 export           timer_callback
    4 00000000         
    5 00000000         timer_callback
                               proc
    6 00000000 40010C10 
                       GPIOB_BSRR
                               equ              0x40010C10  ; Bit Set/Reset reg
                                                            ister
    7 00000000         ; mise a 1 de PB1
    8 00000000 4B03            ldr              r3, =GPIOB_BSRR
    9 00000002 F04F 0102       mov              r1, #0x00000002
   10 00000006 6019            str              r1, [r3]
   11 00000008         ; mise a zero de PB1
   12 00000008 4B01            ldr              r3, =GPIOB_BSRR
   13 0000000A F44F 3100       mov              r1, #0x00020000
   14 0000000E 6019            str              r1, [r3]
   15 00000010         ; N.B. le registre BSRR est write-only, on ne peut pas l
                       e relire
   16 00000010                 endp
   17 00000010                 end
              40010C10 
Command Line: --debug --xref --diag_suppress=9931 --cpu=Cortex-M3 --apcs=interw
ork --depend=.\obj\carre.d -o.\obj\carre.o -I.\RTE\_Simu -IC:\Users\Mathieu\App
Data\Local\Arm\Packs\ARM\CMSIS\5.6.0\CMSIS\Core\Include -IC:\Users\Mathieu\AppD
ata\Local\Arm\Packs\Keil\STM32F1xx_DFP\2.3.0\Device\Include --predefine="__EVAL
 SETA 1" --predefine="__MICROLIB SETA 1" --predefine="__UVISION_VERSION SETA 52
9" --predefine="_RTE_ SETA 1" --predefine="STM32F10X_MD SETA 1" --list=carre.ls
t Src\Carre.s



ARM Macro Assembler    Page 1 Alphabetic symbol ordering
Relocatable symbols

moncode 00000000

Symbol: moncode
   Definitions
      At line 2 in file Src\Carre.s
   Uses
      None
Comment: moncode unused
timer_callback 00000000

Symbol: timer_callback
   Definitions
      At line 5 in file Src\Carre.s
   Uses
      At line 3 in file Src\Carre.s
Comment: timer_callback used once
2 symbols



ARM Macro Assembler    Page 1 Alphabetic symbol ordering
Absolute symbols

GPIOB_BSRR 40010C10

Symbol: GPIOB_BSRR
   Definitions
      At line 6 in file Src\Carre.s
   Uses
      At line 8 in file Src\Carre.s
      At line 12 in file Src\Carre.s

1 symbol
340 symbols in table
