


ARM Macro Assembler    Page 1 


    1 00000000                 thumb
    2 00000000                 area             moncode, code, readonly
    3 00000000         
    4 00000000 00000000 
                       E_POS   equ              0
    5 00000000 00000004 
                       E_TAI   equ              4
    6 00000000 00000008 
                       E_SON   equ              8
    7 00000000 0000000C 
                       E_RES   equ              12
    8 00000000 00000010 
                       E_PER   equ              16
    9 00000000 4000043C 
                       TIM3_CCR3
                               equ              0x4000043C  ; adresse registre 
                                                            PWM
   10 00000000         
   11 00000000                 extern           etat
   12 00000000                 export           timer_callback
   13 00000000         
   14 00000000         timer_callback
                               proc
   15 00000000 B500            push             {lr}
   16 00000002 E92D 07F0       push             {r4, r5, r6, r7, r8, r9, r10}
   17 00000006 F8DF 8058       ldr              r8, =etat
   18 0000000A F04F 0908       ldr              r9, =E_SON
   19 0000000E F858 6009       ldr              r6, [r8, r9]
   20 00000012 F04F 0900       ldr              r9, =E_POS
   21 00000016 F858 4009       ldr              r4, [r8, r9]
   22 0000001A F04F 0904       ldr              r9, =E_TAI
   23 0000001E F858 5009       ldr              r5, [r8, r9]
   24 00000022 42AC            cmp              r4, r5
   25 00000024 D218            bhs              fin
   26 00000026         
   27 00000026         ;r7 = echantillon a traiter et jouer
   28 00000026 5937            ldr              r7, [r6, r4]
   29 00000028         ;operation sur les echantillons
   30 00000028         ;addition
   31 00000028 F507 4700       add              r7, #32768
   32 0000002C         ;mise a l'echelle
   33 0000002C F64F 79FF       mov              r9, #65535
   34 00000030 FBB7 F7F9       udiv             r7, r7, r9
   35 00000034 F04F 0A0C       ldr              r10, =E_RES
   36 00000038 F858 900A       ldr              r9, [r8, r10]
   37 0000003C FB07 F709       mul              r7, r7, r9
   38 00000040         
   39 00000040         ;emission du son
   40 00000040 F8DF 9020       ldr              r9, =TIM3_CCR3
   41 00000044 F8C9 7000       str              r7, [r9]
   42 00000048         ; incrementation de la position
   43 00000048 F104 0401       add              r4, #1
   44 0000004C F04F 0A00       ldr              r10, =E_POS
   45 00000050 F858 900A       ldr              r9, [r8, r10]
   46 00000054 F8C9 4000       str              r4, [r9]
   47 00000058         
   48 00000058 E8BD 07F0 
                       fin     pop              {r4, r5, r6, r7, r8, r9, r10}
   49 0000005C BD00            pop              {pc}



ARM Macro Assembler    Page 2 


   50 0000005E                 endp
   51 0000005E                 end
              00 00 00000000 
              4000043C 
Command Line: --debug --xref --diag_suppress=9931 --cpu=Cortex-M3 --apcs=interw
ork --depend=.\obj\jouerson.d -o.\obj\jouerson.o -I.\RTE\_Simu -IC:\Users\Mathi
eu\AppData\Local\Arm\Packs\ARM\CMSIS\5.6.0\CMSIS\Core\Include -IC:\Users\Mathie
u\AppData\Local\Arm\Packs\Keil\STM32F1xx_DFP\2.3.0\Device\Include --predefine="
__EVAL SETA 1" --predefine="__MICROLIB SETA 1" --predefine="__UVISION_VERSION S
ETA 529" --predefine="_RTE_ SETA 1" --predefine="STM32F10X_MD SETA 1" --list=jo
uerson.lst jouerson.s



ARM Macro Assembler    Page 1 Alphabetic symbol ordering
Relocatable symbols

fin 00000058

Symbol: fin
   Definitions
      At line 48 in file jouerson.s
   Uses
      At line 25 in file jouerson.s
Comment: fin used once
moncode 00000000

Symbol: moncode
   Definitions
      At line 2 in file jouerson.s
   Uses
      None
Comment: moncode unused
timer_callback 00000000

Symbol: timer_callback
   Definitions
      At line 14 in file jouerson.s
   Uses
      At line 12 in file jouerson.s
Comment: timer_callback used once
3 symbols



ARM Macro Assembler    Page 1 Alphabetic symbol ordering
Absolute symbols

E_PER 00000010

Symbol: E_PER
   Definitions
      At line 8 in file jouerson.s
   Uses
      None
Comment: E_PER unused
E_POS 00000000

Symbol: E_POS
   Definitions
      At line 4 in file jouerson.s
   Uses
      At line 20 in file jouerson.s
      At line 44 in file jouerson.s

E_RES 0000000C

Symbol: E_RES
   Definitions
      At line 7 in file jouerson.s
   Uses
      At line 35 in file jouerson.s
Comment: E_RES used once
E_SON 00000008

Symbol: E_SON
   Definitions
      At line 6 in file jouerson.s
   Uses
      At line 18 in file jouerson.s
Comment: E_SON used once
E_TAI 00000004

Symbol: E_TAI
   Definitions
      At line 5 in file jouerson.s
   Uses
      At line 22 in file jouerson.s
Comment: E_TAI used once
TIM3_CCR3 4000043C

Symbol: TIM3_CCR3
   Definitions
      At line 9 in file jouerson.s
   Uses
      At line 40 in file jouerson.s
Comment: TIM3_CCR3 used once
6 symbols



ARM Macro Assembler    Page 1 Alphabetic symbol ordering
External symbols

etat 00000000

Symbol: etat
   Definitions
      At line 11 in file jouerson.s
   Uses
      At line 17 in file jouerson.s
Comment: etat used once
1 symbol
347 symbols in table
