


ARM Macro Assembler    Page 1 


    1 00000000                 thumb
    2 00000000                 AREA             code_somme, code, READONLY
    3 00000000                 export           somme
    4 00000000                 extern           TabSin
    5 00000000                 extern           TabCos
    6 00000000         
    7 00000000         somme   proc
    8 00000000 4A07            ldr              r2, =TabSin
    9 00000002 4B08            ldr              r3, =TabCos
   10 00000004 F04F 0102       mov              r1, #2
   11 00000008 FB00 F401       mul              r4, r0, r1
   12 0000000C         
   13 0000000C 5915            ldr              r5, [r2, r4]
   14 0000000E 591E            ldr              r6, [r3, r4]
   15 00000010         
   16 00000010 FB05 F405       mul              r4, r5, r5
   17 00000014 FB06 F506       mul              r5, r6, r6
   18 00000018         
   19 00000018 EB04 0005       add              r0, r4, r5
   20 0000001C         
   21 0000001C 4770            bx               lr
   22 0000001E                 endp
   23 0000001E                 end
              00 00 00000000 
              00000000 
Command Line: --debug --xref --diag_suppress=9931 --cpu=Cortex-M3 --apcs=interw
ork --depend=.\obj\somme.d -o.\obj\somme.o -I.\RTE\_Simu -IC:\Users\Mathieu\App
Data\Local\Arm\Packs\ARM\CMSIS\5.6.0\CMSIS\Core\Include -IC:\Users\Mathieu\AppD
ata\Local\Arm\Packs\Keil\STM32F1xx_DFP\2.3.0\Device\Include --predefine="__EVAL
 SETA 1" --predefine="__MICROLIB SETA 1" --predefine="__UVISION_VERSION SETA 52
9" --predefine="_RTE_ SETA 1" --predefine="STM32F10X_MD SETA 1" --list=somme.ls
t somme.s



ARM Macro Assembler    Page 1 Alphabetic symbol ordering
Relocatable symbols

code_somme 00000000

Symbol: code_somme
   Definitions
      At line 2 in file somme.s
   Uses
      None
Comment: code_somme unused
somme 00000000

Symbol: somme
   Definitions
      At line 7 in file somme.s
   Uses
      At line 3 in file somme.s
Comment: somme used once
2 symbols



ARM Macro Assembler    Page 1 Alphabetic symbol ordering
External symbols

TabCos 00000000

Symbol: TabCos
   Definitions
      At line 5 in file somme.s
   Uses
      At line 9 in file somme.s
Comment: TabCos used once
TabSin 00000000

Symbol: TabSin
   Definitions
      At line 4 in file somme.s
   Uses
      At line 8 in file somme.s
Comment: TabSin used once
2 symbols
341 symbols in table
