


ARM Macro Assembler    Page 1 


    1 00000000                 thumb
    2 00000000                 AREA             code_m2k, code, READONLY
    3 00000000                 export           m2k
    4 00000000                 extern           TabCos
    5 00000000                 extern           TabSin
    6 00000000         
    7 00000000         m2k     proc
    8 00000000 F84D CD04       push             {r12}
    9 00000004 F04F 0800       mov              r8, #0
   10 00000008 F04F 0900       mov              r9, #0
   11 0000000C         
   12 0000000C         ; dft partie reelle + im
   13 0000000C 4A11            ldr              r2, =TabCos
   14 0000000E F8DF B048       ldr              r11, =TabSin
   15 00000012         
   16 00000012 F04F 0700       mov              r7, #0
   17 00000016 F04F 0300       mov              r3, #0
   18 0000001A F04F 0C00       mov              r12, #0
   19 0000001E         ; r4 = ik2pi/N
   20 0000001E         ; r3 = i
   21 0000001E FB00 F403 
                       db      mul              r4, r0, r3
   22 00000022 F004 043F       and              r4, r4, #0x003f
   23 00000026         ; r5 = cos[ik2pi/n]
   24 00000026         ; r6 = signal[i]
   25 00000026         ; r10 = sin[ik2pi/n]
   26 00000026 F932 5014       ldrsh            r5, [r2, r4, lsl #1]
   27 0000002A F93B A014       ldrsh            r10,[r11, r4, lsl #1]
   28 0000002E F931 6013       ldrsh            r6, [r1, r3, lsl #1]
   29 00000032         ; r7 += r5 * r6
   30 00000032         ; r12 += r10 * r6
   31 00000032 FB05 7706       mla              r7, r5, r6, r7
   32 00000036 FB0A CC06       mla              r12, r10, r6, r12
   33 0000003A         ; incremente r3
   34 0000003A F103 0301       add              r3, #1
   35 0000003E 2B40            cmp              r3, #64
   36 00000040 DBED            blt              db
   37 00000042         
   38 00000042 FBC7 8907       smlal            r8, r9, r7, r7
   39 00000046 FBCC 890C       smlal            r8, r9, r12, r12
   40 0000004A         
   41 0000004A 4648            mov              r0, r9
   42 0000004C         
   43 0000004C F85D CB04       pop              {r12}
   44 00000050         
   45 00000050 4770            bx               lr
   46 00000052         
   47 00000052                 endp
   48 00000052                 end
              00 00 00000000 
              00000000 
Command Line: --debug --xref --diag_suppress=9931 --cpu=Cortex-M3 --apcs=interw
ork --depend=.\obj\m2k.d -o.\obj\m2k.o -I.\RTE\_Simu -IC:\Users\Mathieu\AppData
\Local\Arm\Packs\ARM\CMSIS\5.6.0\CMSIS\Core\Include -IC:\Users\Mathieu\AppData\
Local\Arm\Packs\Keil\STM32F1xx_DFP\2.3.0\Device\Include --predefine="__EVAL SET
A 1" --predefine="__MICROLIB SETA 1" --predefine="__UVISION_VERSION SETA 529" -
-predefine="_RTE_ SETA 1" --predefine="STM32F10X_MD SETA 1" --list=m2k.lst m2k.
s



ARM Macro Assembler    Page 1 Alphabetic symbol ordering
Relocatable symbols

code_m2k 00000000

Symbol: code_m2k
   Definitions
      At line 2 in file m2k.s
   Uses
      None
Comment: code_m2k unused
db 0000001E

Symbol: db
   Definitions
      At line 21 in file m2k.s
   Uses
      At line 36 in file m2k.s
Comment: db used once
m2k 00000000

Symbol: m2k
   Definitions
      At line 7 in file m2k.s
   Uses
      At line 3 in file m2k.s
Comment: m2k used once
3 symbols



ARM Macro Assembler    Page 1 Alphabetic symbol ordering
External symbols

TabCos 00000000

Symbol: TabCos
   Definitions
      At line 4 in file m2k.s
   Uses
      At line 13 in file m2k.s
Comment: TabCos used once
TabSin 00000000

Symbol: TabSin
   Definitions
      At line 5 in file m2k.s
   Uses
      At line 14 in file m2k.s
Comment: TabSin used once
2 symbols
342 symbols in table
